<?xml version="1.0" encoding="UTF-8"?>
<!-- Generated by org.testng.reporters.JUnitReportReporter -->
<testsuite hostname="LAPTOP-0A10B289" failures="0" tests="2" name="Basics.NewTest2" time="0.011" errors="0" timestamp="2024-05-07T20:53:59 IST" skipped="0">
  <testcase classname="Basics.NewTest2" name="test4" time="0.009"/>
  <testcase classname="Basics.NewTest2" name="test1" time="0.002"/>
</testsuite> <!-- Basics.NewTest2 -->
